1644091447.190199 client started (402280): version 3.0a, socket /tmp//tmux-37650/default, protocol 8
1644091447.190242 on Linux 5.4.0-96-generic #109-Ubuntu SMP Wed Jan 12 16:49:16 UTC 2022; libevent 2.1.11-stable (poll)
1644091447.190272 socket is /tmp//tmux-37650/default
1644091447.190294 trying connect
1644091447.190594 add peer 0x5585762928d0: 6 ((nil))
1644091447.191019 sending message 100 to peer 0x5585762928d0 (4 bytes)
1644091447.191038 sending message 101 to peer 0x5585762928d0 (16 bytes)
1644091447.191048 sending message 102 to peer 0x5585762928d0 (11 bytes)
1644091447.191055 sending message 108 to peer 0x5585762928d0 (42 bytes)
1644091447.191064 sending message 104 to peer 0x5585762928d0 (0 bytes)
1644091447.191074 sending message 107 to peer 0x5585762928d0 (4 bytes)
1644091447.191083 sending message 105 to peer 0x5585762928d0 (20 bytes)
1644091447.191093 sending message 105 to peer 0x5585762928d0 (55 bytes)
1644091447.191100 sending message 105 to peer 0x5585762928d0 (51 bytes)
1644091447.191109 sending message 105 to peer 0x5585762928d0 (23 bytes)
1644091447.191120 sending message 105 to peer 0x5585762928d0 (11 bytes)
1644091447.191129 sending message 105 to peer 0x5585762928d0 (47 bytes)
1644091447.191138 sending message 105 to peer 0x5585762928d0 (18 bytes)
1644091447.191146 sending message 105 to peer 0x5585762928d0 (24 bytes)
1644091447.191154 sending message 105 to peer 0x5585762928d0 (33 bytes)
1644091447.191164 sending message 105 to peer 0x5585762928d0 (44 bytes)
1644091447.191174 sending message 105 to peer 0x5585762928d0 (86 bytes)
1644091447.191182 sending message 105 to peer 0x5585762928d0 (29 bytes)
1644091447.191192 sending message 105 to peer 0x5585762928d0 (53 bytes)
1644091447.191212 sending message 105 to peer 0x5585762928d0 (28 bytes)
1644091447.191221 sending message 105 to peer 0x5585762928d0 (29 bytes)
1644091447.191234 sending message 105 to peer 0x5585762928d0 (18 bytes)
1644091447.191244 sending message 105 to peer 0x5585762928d0 (47 bytes)
1644091447.191253 sending message 105 to peer 0x5585762928d0 (25 bytes)
1644091447.191262 sending message 105 to peer 0x5585762928d0 (41 bytes)
1644091447.191272 sending message 105 to peer 0x5585762928d0 (17 bytes)
1644091447.191281 sending message 105 to peer 0x5585762928d0 (8 bytes)
1644091447.191290 sending message 105 to peer 0x5585762928d0 (35 bytes)
1644091447.191300 sending message 105 to peer 0x5585762928d0 (17 bytes)
1644091447.191309 sending message 105 to peer 0x5585762928d0 (32 bytes)
1644091447.191318 sending message 105 to peer 0x5585762928d0 (1506 bytes)
1644091447.191329 sending message 105 to peer 0x5585762928d0 (18 bytes)
1644091447.191338 sending message 105 to peer 0x5585762928d0 (54 bytes)
1644091447.191348 sending message 105 to peer 0x5585762928d0 (53 bytes)
1644091447.191357 sending message 105 to peer 0x5585762928d0 (11 bytes)
1644091447.191364 sending message 105 to peer 0x5585762928d0 (357 bytes)
1644091447.191374 sending message 105 to peer 0x5585762928d0 (46 bytes)
1644091447.191383 sending message 105 to peer 0x5585762928d0 (19 bytes)
1644091447.191392 sending message 105 to peer 0x5585762928d0 (18 bytes)
1644091447.191401 sending message 105 to peer 0x5585762928d0 (126 bytes)
1644091447.191411 sending message 105 to peer 0x5585762928d0 (15 bytes)
1644091447.191420 sending message 105 to peer 0x5585762928d0 (8 bytes)
1644091447.191429 sending message 105 to peer 0x5585762928d0 (21 bytes)
1644091447.191439 sending message 105 to peer 0x5585762928d0 (42 bytes)
1644091447.191448 sending message 105 to peer 0x5585762928d0 (21 bytes)
1644091447.191455 sending message 105 to peer 0x5585762928d0 (39 bytes)
1644091447.191465 sending message 105 to peer 0x5585762928d0 (13 bytes)
1644091447.191474 sending message 105 to peer 0x5585762928d0 (64 bytes)
1644091447.191483 sending message 105 to peer 0x5585762928d0 (14 bytes)
1644091447.191492 sending message 105 to peer 0x5585762928d0 (17 bytes)
1644091447.191502 sending message 105 to peer 0x5585762928d0 (47 bytes)
1644091447.191511 sending message 105 to peer 0x5585762928d0 (45 bytes)
1644091447.191529 sending message 105 to peer 0x5585762928d0 (33 bytes)
1644091447.191538 sending message 105 to peer 0x5585762928d0 (190 bytes)
1644091447.191548 sending message 105 to peer 0x5585762928d0 (52 bytes)
1644091447.191557 sending message 105 to peer 0x5585762928d0 (23 bytes)
1644091447.191566 sending message 105 to peer 0x5585762928d0 (32 bytes)
1644091447.191576 sending message 105 to peer 0x5585762928d0 (52 bytes)
1644091447.191585 sending message 105 to peer 0x5585762928d0 (23 bytes)
1644091447.191594 sending message 105 to peer 0x5585762928d0 (27 bytes)
1644091447.191603 sending message 105 to peer 0x5585762928d0 (58 bytes)
1644091447.191612 sending message 105 to peer 0x5585762928d0 (21 bytes)
1644091447.191621 sending message 105 to peer 0x5585762928d0 (20 bytes)
1644091447.191630 sending message 105 to peer 0x5585762928d0 (39 bytes)
1644091447.191639 sending message 105 to peer 0x5585762928d0 (16 bytes)
1644091447.191648 sending message 106 to peer 0x5585762928d0 (0 bytes)
1644091447.191658 sending message 200 to peer 0x5585762928d0 (4 bytes)
1644091447.191667 client loop enter
1644091447.192223 peer 0x5585762928d0 message 211
1644091447.194550 client_write: sessions should be nested with care, unset $TMUX to force\n
1644091447.194581 peer 0x5585762928d0 message 203
1644091447.194592 client loop exit
